<?xml version="1.0" encoding="UTF-8"?>
<!-- Generated by org.testng.reporters.JUnitXMLReporter -->
<testsuite ignored="0" hostname="DESKTOP-P0DJI76" failures="1" tests="1" name="Test(failed)(failed)" time="0.265" errors="0" timestamp="2025-04-10T18:27:01 IST">
  <testcase classname="testCases.BaseClass" name="@BeforeClass setup" time="0.126">
    <failure type="java.lang.ExceptionInInitializerError">
      <![CDATA[java.lang.ExceptionInInitializerError
at testCases.BaseClass.setup(BaseClass.java:38)
at java.base/java.util.ArrayList.forEach(ArrayList.java:1511)
Caused by: java.lang.IllegalArgumentException: key can't be empty
at java.base/java.lang.System.checkKey(System.java:1048)
at java.base/java.lang.System.getProperty(System.java:911)
at org.apache.logging.log4j.util.SystemPropertiesPropertySource.getProperty(SystemPropertiesPropertySource.java:99)
at org.apache.logging.log4j.util.SystemPropertiesPropertySource.containsProperty(SystemPropertiesPropertySource.java:107)
at org.apache.logging.log4j.util.PropertiesUtil$Environment.lambda$reload$1(PropertiesUtil.java:514)
at java.base/java.lang.Iterable.forEach(Iterable.java:75)
at org.apache.logging.log4j.util.PropertiesUtil$Environment.lambda$reload$2(PropertiesUtil.java:513)
at java.base/java.util.stream.ForEachOps$ForEachOp$OfRef.accept(ForEachOps.java:183)
at java.base/java.util.stream.ReferencePipeline$2$1.accept(ReferencePipeline.java:179)
at java.base/java.util.HashMap$KeySpliterator.forEachRemaining(HashMap.java:1707)
at java.base/java.util.stream.AbstractPipeline.copyInto(AbstractPipeline.java:509)
at java.base/java.util.stream.AbstractPipeline.wrapAndCopyInto(AbstractPipeline.java:499)
at java.base/java.util.stream.ForEachOps$ForEachOp.evaluateSequential(ForEachOps.java:150)
at java.base/java.util.stream.ForEachOps$ForEachOp$OfRef.evaluateSequential(ForEachOps.java:173)
at java.base/java.util.stream.AbstractPipeline.evaluate(AbstractPipeline.java:234)
at java.base/java.util.stream.ReferencePipeline.forEach(ReferencePipeline.java:596)
at org.apache.logging.log4j.util.PropertiesUtil$Environment.reload(PropertiesUtil.java:510)
at org.apache.logging.log4j.util.PropertiesUtil$Environment.<init>(PropertiesUtil.java:492)
at org.apache.logging.log4j.util.PropertiesUtil$Environment.<init>(PropertiesUtil.java:465)
at org.apache.logging.log4j.util.PropertiesUtil.<init>(PropertiesUtil.java:98)
at org.apache.logging.log4j.util.PropertiesUtil.<init>(PropertiesUtil.java:90)
at org.apache.logging.log4j.util.PropertiesUtil.lambda$static$0(PropertiesUtil.java:66)
at org.apache.logging.log4j.util.LazyUtil$SafeLazy.value(LazyUtil.java:113)
at org.apache.logging.log4j.util.Lazy.get(Lazy.java:39)
at org.apache.logging.log4j.util.PropertiesUtil.getProperties(PropertiesUtil.java:132)
at org.apache.logging.log4j.LogManager.<clinit>(LogManager.java:73)
... 27 more
... Removed 25 stack frames]]>
    </failure>
  </testcase> <!-- @BeforeClass setup -->
  <testcase classname="testCases.BaseClass" name="@AfterClass tearDown" time="0.0">
    <skipped/>
  </testcase> <!-- @AfterClass tearDown -->
  <testcase classname="testCases.TC003_LoginDDT" name="verify_loginDDT" time="0.0">
    <failure type="java.lang.RuntimeException" message="java.io.FileNotFoundException: .\testData\Opencart_LoginData.xlsx (The system cannot find the file specified)">
      <![CDATA[java.lang.RuntimeException: java.io.FileNotFoundException: .\testData\Opencart_LoginData.xlsx (The system cannot find the file specified)
at java.base/java.util.ArrayList.forEach(ArrayList.java:1511)
Caused by: java.io.FileNotFoundException: .\testData\Opencart_LoginData.xlsx (The system cannot find the file specified)
at java.base/java.io.FileInputStream.open0(Native Method)
at java.base/java.io.FileInputStream.open(FileInputStream.java:216)
at java.base/java.io.FileInputStream.<init>(FileInputStream.java:157)
at java.base/java.io.FileInputStream.<init>(FileInputStream.java:111)
at utilities.ExcelUtility.getRowCount(ExcelUtility.java:35)
at utilities.DataProviders.getData(DataProviders.java:16)
... 25 more
... Removed 32 stack frames]]>
    </failure>
  </testcase> <!-- verify_loginDDT -->
</testsuite> <!-- Test(failed)(failed) -->
